TN:
SF:C:/Priyanka/Angular/Testing/PSAngularUnitTestingCourse/src/polyfills.ts
FNF:0
FNH:0
DA:46,1
DA:60,1
LF:2
LH:2
BRF:0
BRH:0
end_of_record
TN:
SF:C:/Priyanka/Angular/Testing/PSAngularUnitTestingCourse/src/test.ts
FN:20,(anonymous_0)
FNF:1
FNH:1
FNDA:1,(anonymous_0)
DA:3,1
DA:4,1
DA:5,1
DA:6,1
DA:7,1
DA:8,1
DA:9,1
DA:10,1
DA:20,1
DA:23,1
DA:28,1
DA:30,1
DA:32,1
LF:13
LH:13
BRF:0
BRH:0
end_of_record
TN:
SF:C:/Priyanka/Angular/Testing/PSAngularUnitTestingCourse/src/app/hero.service.ts
FN:15,(anonymous_2)
FN:18,HeroService
FN:24,(anonymous_4)
FN:26,(anonymous_5)
FN:32,(anonymous_6)
FN:35,(anonymous_7)
FN:36,(anonymous_8)
FN:45,(anonymous_9)
FN:48,(anonymous_10)
FN:54,(anonymous_11)
FN:60,(anonymous_12)
FN:68,(anonymous_13)
FN:70,(anonymous_14)
FN:76,(anonymous_15)
FN:81,(anonymous_16)
FN:87,(anonymous_17)
FN:89,(anonymous_18)
FN:100,(anonymous_19)
FN:101,(anonymous_20)
FN:114,(anonymous_21)
FNF:20
FNH:7
FNDA:1,(anonymous_2)
FNDA:2,HeroService
FNDA:0,(anonymous_4)
FNDA:0,(anonymous_5)
FNDA:0,(anonymous_6)
FNDA:0,(anonymous_7)
FNDA:0,(anonymous_8)
FNDA:1,(anonymous_9)
FNDA:1,(anonymous_10)
FNDA:0,(anonymous_11)
FNDA:0,(anonymous_12)
FNDA:1,(anonymous_13)
FNDA:0,(anonymous_14)
FNDA:0,(anonymous_15)
FNDA:0,(anonymous_16)
FNDA:0,(anonymous_17)
FNDA:0,(anonymous_18)
FNDA:2,(anonymous_19)
FNDA:0,(anonymous_20)
FNDA:1,(anonymous_21)
DA:1,1
DA:2,1
DA:4,1
DA:5,1
DA:8,1
DA:10,1
DA:15,1
DA:16,2
DA:19,2
DA:20,2
DA:24,1
DA:25,0
DA:26,0
DA:32,1
DA:33,0
DA:34,0
DA:35,0
DA:37,0
DA:38,0
DA:45,1
DA:46,1
DA:47,1
DA:48,1
DA:54,1
DA:55,0
DA:57,0
DA:59,0
DA:60,0
DA:68,1
DA:69,1
DA:70,0
DA:76,1
DA:77,0
DA:78,0
DA:80,0
DA:81,0
DA:87,1
DA:88,0
DA:89,0
DA:100,2
DA:101,2
DA:103,0
DA:106,0
DA:109,0
DA:114,1
DA:115,1
DA:117,1
LF:47
LH:26
BRDA:37,0,0,0
BRDA:37,0,1,0
BRDA:55,1,0,0
BRDA:55,1,1,0
BRDA:77,2,0,0
BRDA:77,2,1,0
BRDA:100,3,0,0
BRDA:100,3,1,2
BRF:8
BRH:1
end_of_record
TN:
SF:C:/Priyanka/Angular/Testing/PSAngularUnitTestingCourse/src/app/hero.ts
FN:1,(anonymous_0)
FNF:1
FNH:1
FNDA:1,(anonymous_0)
DA:1,1
DA:5,1
LF:2
LH:2
BRF:0
BRH:0
end_of_record
TN:
SF:C:/Priyanka/Angular/Testing/PSAngularUnitTestingCourse/src/app/message.service.ts
FN:4,(anonymous_1)
FN:3,MessageService
FN:7,(anonymous_3)
FN:11,(anonymous_4)
FNF:4
FNH:4
FNDA:1,(anonymous_1)
FNDA:5,MessageService
FNDA:3,(anonymous_3)
FNDA:1,(anonymous_4)
DA:1,1
DA:4,1
DA:5,5
DA:7,1
DA:8,3
DA:11,1
DA:12,1
DA:14,1
LF:8
LH:8
BRF:0
BRH:0
end_of_record
TN:
SF:C:/Priyanka/Angular/Testing/PSAngularUnitTestingCourse/src/app/hero/hero.component.ts
FN:9,(anonymous_2)
FN:4,HeroComponent
FN:13,(anonymous_4)
FNF:3
FNH:2
FNDA:1,(anonymous_2)
FNDA:3,HeroComponent
FNDA:0,(anonymous_4)
DA:1,1
DA:2,1
DA:9,1
DA:10,1
DA:11,4
DA:13,1
DA:14,0
DA:15,0
DA:17,1
LF:9
LH:7
BRF:0
BRH:0
end_of_record
TN:
SF:C:/Priyanka/Angular/Testing/PSAngularUnitTestingCourse/src/app/hero-detail/hero-detail.component.ts
FN:13,(anonymous_2)
FN:16,HeroDetailComponent
FN:22,(anonymous_4)
FN:26,(anonymous_5)
FN:28,(anonymous_6)
FN:31,(anonymous_7)
FN:36,(anonymous_8)
FN:37,(anonymous_9)
FN:38,(anonymous_10)
FNF:9
FNH:5
FNDA:1,(anonymous_2)
FNDA:1,HeroDetailComponent
FNDA:1,(anonymous_4)
FNDA:1,(anonymous_5)
FNDA:1,(anonymous_6)
FNDA:0,(anonymous_7)
FNDA:0,(anonymous_8)
FNDA:0,(anonymous_9)
FNDA:0,(anonymous_10)
DA:1,1
DA:2,1
DA:3,1
DA:5,1
DA:6,1
DA:13,1
DA:14,1
DA:17,1
DA:18,1
DA:19,1
DA:22,1
DA:23,1
DA:26,1
DA:27,1
DA:28,1
DA:31,1
DA:32,0
DA:36,1
DA:37,0
DA:38,0
DA:39,0
DA:42,1
LF:22
LH:18
BRF:0
BRH:0
end_of_record
TN:
SF:C:/Priyanka/Angular/Testing/PSAngularUnitTestingCourse/src/app/heroes/heroes.component.ts
FN:11,(anonymous_2)
FN:14,HeroesComponent
FN:16,(anonymous_4)
FN:22,(anonymous_5)
FN:23,(anonymous_6)
FN:26,(anonymous_7)
FN:32,(anonymous_8)
FN:37,(anonymous_9)
FN:38,(anonymous_10)
FNF:9
FNH:5
FNDA:1,(anonymous_2)
FNDA:2,HeroesComponent
FNDA:1,(anonymous_4)
FNDA:1,(anonymous_5)
FNDA:1,(anonymous_6)
FNDA:0,(anonymous_7)
FNDA:0,(anonymous_8)
FNDA:0,(anonymous_9)
FNDA:0,(anonymous_10)
DA:1,1
DA:4,1
DA:11,1
DA:14,2
DA:16,1
DA:17,1
DA:18,1
DA:22,1
DA:23,1
DA:26,1
DA:27,0
DA:28,0
DA:29,0
DA:30,0
DA:32,0
DA:33,0
DA:37,1
DA:38,0
DA:39,0
DA:41,1
LF:20
LH:12
BRDA:29,0,0,0
BRDA:29,0,1,0
BRF:2
BRH:0
end_of_record
TN:
SF:C:/Priyanka/Angular/Testing/PSAngularUnitTestingCourse/src/app/strength/strength.pipe.ts
FN:6,(anonymous_1)
FN:7,(anonymous_3)
FNF:2
FNH:2
FNDA:3,(anonymous_1)
FNDA:2,(anonymous_3)
DA:1,1
DA:6,1
DA:7,1
DA:8,2
DA:9,1
DA:10,1
DA:11,1
DA:13,0
DA:16,1
LF:9
LH:8
BRDA:8,0,0,1
BRDA:8,0,1,1
BRDA:10,1,0,1
BRDA:10,1,1,0
BRDA:10,2,0,1
BRDA:10,2,1,1
BRF:6
BRH:5
end_of_record
